<?xml version="1.0" encoding="UTF-8"?>
<!-- Generated by org.testng.reporters.JUnitReportReporter -->
<testsuite hostname="DESKTOP-088ELTI" failures="0" tests="2" name="vtiger.ContactsTests.CreateContactWithOrganisationPOMBaseCrossBrowserExecution" time="123.052" errors="0" timestamp="2023-03-18T18:28:53 IST" skipped="0">
  <testcase classname="vtiger.ContactsTests.CreateContactWithOrganisationPOMBaseCrossBrowserExecution" name="CreateContactWithOrgPOMTest" time="65.762"/>
  <system-out/>
  <testcase classname="vtiger.ContactsTests.CreateContactWithOrganisationPOMBaseCrossBrowserExecution" name="CreateContactWithOrgPOMTest" time="57.290"/>
  <system-out/>
</testsuite> <!-- vtiger.ContactsTests.CreateContactWithOrganisationPOMBaseCrossBrowserExecution -->
