<?xml version="1.0" encoding="UTF-8"?>
<!-- Generated by org.testng.reporters.JUnitReportReporter -->
<testsuite hostname="DESKTOP-088ELTI" failures="0" tests="1" name="vtiger.OrganisationsTests.CreateOrganisationPOMBase" time="54.043" errors="0" timestamp="2023-03-20T11:32:57 IST" skipped="0">
  <testcase classname="vtiger.OrganisationsTests.CreateOrganisationPOMBase" name="CreateOrgPOMTest" time="54.043"/>
  <system-out/>
</testsuite> <!-- vtiger.OrganisationsTests.CreateOrganisationPOMBase -->
