<?xml version="1.0" encoding="UTF-8"?>
<!-- Generated by org.testng.reporters.JUnitReportReporter -->
<testsuite hostname="DESKTOP-088ELTI" failures="0" tests="7" name="vtiger.OrganisationsTests.CreateMultipleOrganisaton" time="232.200" errors="0" timestamp="2023-04-11T16:22:27 IST" skipped="0">
  <testcase classname="vtiger.OrganisationsTests.CreateMultipleOrganisaton" name="createMultipleOrg" time="33.632"/>
  <system-out/>
  <testcase classname="vtiger.OrganisationsTests.CreateMultipleOrganisaton" name="createMultipleOrg" time="35.920"/>
  <system-out/>
  <testcase classname="vtiger.OrganisationsTests.CreateMultipleOrganisaton" name="createMultipleOrg" time="32.693"/>
  <system-out/>
  <testcase classname="vtiger.OrganisationsTests.CreateMultipleOrganisaton" name="createMultipleOrg" time="32.065"/>
  <system-out/>
  <testcase classname="vtiger.OrganisationsTests.CreateMultipleOrganisaton" name="createMultipleOrg" time="33.268"/>
  <system-out/>
  <testcase classname="vtiger.OrganisationsTests.CreateMultipleOrganisaton" name="createMultipleOrg" time="33.400"/>
  <system-out/>
  <testcase classname="vtiger.OrganisationsTests.CreateMultipleOrganisaton" name="createMultipleOrg" time="31.222"/>
  <system-out/>
</testsuite> <!-- vtiger.OrganisationsTests.CreateMultipleOrganisaton -->
