<?xml version="1.0" encoding="UTF-8"?>
<!-- Generated by org.testng.reporters.JUnitReportReporter -->
<testsuite hostname="DESKTOP-088ELTI" failures="0" tests="1" name="vtiger.Practice.popupthree" time="47.428" errors="0" timestamp="2023-03-28T13:00:45 IST" skipped="0">
  <testcase classname="vtiger.Practice.popupthree" name="mone" time="47.428"/>
  <system-out/>
</testsuite> <!-- vtiger.Practice.popupthree -->
