<?xml version="1.0" encoding="UTF-8"?>
<!-- Generated by org.testng.reporters.JUnitReportReporter -->
<testsuite hostname="DESKTOP-088ELTI" failures="0" tests="1" name="vtiger.Practice.Data" time="11.223" errors="0" timestamp="2023-03-31T17:55:49 IST" skipped="0">
  <testcase classname="vtiger.Practice.Data" name="fone" time="11.223"/>
  <system-out/>
</testsuite> <!-- vtiger.Practice.Data -->
