<?xml version="1.0" encoding="UTF-8"?>
<!-- Generated by org.testng.reporters.JUnitReportReporter -->
<testsuite hostname="DESKTOP-088ELTI" failures="0" tests="1" name="vtiger.Practice.popupone" time="52.027" errors="0" timestamp="2023-03-28T12:29:07 IST" skipped="0">
  <testcase classname="vtiger.Practice.popupone" name="mone" time="52.027"/>
  <system-out/>
</testsuite> <!-- vtiger.Practice.popupone -->
