<?xml version="1.0" encoding="UTF-8"?>
<!-- Generated by org.testng.reporters.JUnitReportReporter -->
<testsuite hostname="DESKTOP-088ELTI" failures="0" tests="1" name="vtiger.Practice.BaseClassPractice" time="0.031" errors="0" timestamp="2023-02-16T19:04:10 IST" skipped="0">
  <testcase classname="vtiger.Practice.BaseClassPractice" name="test" time="0.031"/>
  <system-out/>
</testsuite> <!-- vtiger.Practice.BaseClassPractice -->
