<?xml version="1.0" encoding="UTF-8"?>
<!-- Generated by org.testng.reporters.JUnitReportReporter -->
<testsuite hostname="DESKTOP-088ELTI" failures="0" tests="3" name="vtiger.Practice.DataProviderPractice" time="0.119" errors="0" timestamp="2023-02-16T16:49:52 IST" skipped="0">
  <testcase classname="vtiger.Practice.DataProviderPractice" name="dataProviderPractice" time="0.083"/>
  <system-out/>
  <testcase classname="vtiger.Practice.DataProviderPractice" name="dataProviderPractice" time="0.016"/>
  <system-out/>
  <testcase classname="vtiger.Practice.DataProviderPractice" name="dataProviderPractice" time="0.020"/>
  <system-out/>
</testsuite> <!-- vtiger.Practice.DataProviderPractice -->
