<?xml version="1.0" encoding="UTF-8"?>
<!-- Generated by org.testng.reporters.JUnitReportReporter -->
<testsuite hostname="DESKTOP-088ELTI" failures="0" tests="1" name="vtiger.ContactsTests.CreateContactWithOrganisationPOMBaseGroups" time="58.840" errors="0" timestamp="2023-04-15T13:20:34 IST" skipped="0">
  <testcase classname="vtiger.ContactsTests.CreateContactWithOrganisationPOMBaseGroups" name="CreateContactWithOrgPOMTest" time="58.840"/>
  <system-out/>
</testsuite> <!-- vtiger.ContactsTests.CreateContactWithOrganisationPOMBaseGroups -->
