<?xml version="1.0" encoding="UTF-8"?>
<!-- Generated by org.testng.reporters.JUnitReportReporter -->
<testsuite hostname="DESKTOP-088ELTI" failures="0" tests="4" name="vtiger.Practice.TestNGPractice" time="0.055" errors="0" timestamp="2023-02-16T16:08:01 IST" skipped="0">
  <testcase classname="vtiger.Practice.TestNGPractice" name="deleteCustomerTest" time="0.038"/>
  <system-out/>
  <testcase classname="vtiger.Practice.TestNGPractice" name="modifyCustomerTest" time="0.005"/>
  <system-out/>
  <testcase classname="vtiger.Practice.TestNGPractice" name="createCustomerTest" time="0.004"/>
  <system-out/>
  <testcase classname="vtiger.Practice.TestNGPractice" name="createCustomerTest" time="0.008"/>
  <system-out/>
</testsuite> <!-- vtiger.Practice.TestNGPractice -->
