<?xml version="1.0" encoding="UTF-8"?>
<!-- Generated by org.testng.reporters.JUnitReportReporter -->
<testsuite hostname="DESKTOP-088ELTI" failures="0" tests="1" name="vtiger.ContactsTests.CreateContactWithOrganisationPOMBase" time="62.761" errors="0" timestamp="2023-03-20T11:34:42 IST" skipped="0">
  <testcase classname="vtiger.ContactsTests.CreateContactWithOrganisationPOMBase" name="CreateContactWithOrgPOMTest" time="62.761"/>
  <system-out/>
</testsuite> <!-- vtiger.ContactsTests.CreateContactWithOrganisationPOMBase -->
