<?xml version="1.0" encoding="UTF-8"?>
<!-- Generated by org.testng.reporters.JUnitReportReporter -->
<testsuite hostname="DESKTOP-088ELTI" failures="0" tests="1" name="vtiger.Practice.popuptwo" time="54.649" errors="0" timestamp="2023-03-28T12:43:22 IST" skipped="0">
  <testcase classname="vtiger.Practice.popuptwo" name="mone" time="54.649"/>
  <system-out/>
</testsuite> <!-- vtiger.Practice.popuptwo -->
