<?xml version="1.0" encoding="UTF-8"?>
<!-- Generated by org.testng.reporters.JUnitReportReporter -->
<testsuite hostname="DESKTOP-088ELTI" failures="0" tests="1" name="vtiger.Practice.BaseClassPractice" time="0.010" errors="0" timestamp="2023-03-18T11:26:28 IST" skipped="0">
  <testcase classname="vtiger.Practice.BaseClassPractice" name="test" time="0.010"/>
  <system-out/>
</testsuite> <!-- vtiger.Practice.BaseClassPractice -->
